2022-05-11 00:01:41,830 WARN l.Server [main]: проблемы с загрузкой файла: переменная окружения не задана
2022-05-11 00:01:41,840 INFO l.Server [main]: _________Сервер___начал___работу_________
2022-05-11 00:08:24,804 WARN l.Server [main]: проблемы с загрузкой файла: переменная окружения не задана
2022-05-11 00:08:24,808 INFO l.Server [main]: _________Сервер___начал___работу_________
2022-05-11 00:20:20,500 WARN l.Server [main]: Ошибка! проблемы с соединением: не удалось связать канал с адресом
2022-05-11 00:20:32,641 WARN l.Server [main]: Ошибка! проблемы с соединением: не удалось связать канал с адресом
2022-05-11 00:20:49,038 WARN l.Server [main]: Ошибка! проблемы с соединением: не удалось связать канал с адресом
2022-05-11 00:21:13,985 WARN l.Server [main]: проблемы с загрузкой файла: переменная окружения не задана
2022-05-11 00:21:13,987 INFO l.Server [main]: _________Сервер___начал___работу_________
2022-05-11 00:21:44,940 DEBUG l.Server [main]: CommandParameter{name='help', arguments=[], element=null}
2022-05-11 00:21:44,941 DEBUG l.t.s.ServerOutputManager [main]: ServerRequest{message='add {element} : добавить новый элемент в коллекцию
count_less_than_genre genre : вывести количество элементов, значение поля genre которых меньше заданного
execute_script file_name : считать и исполнить скрипт из указанного файла. В скрипте содержатся команды в таком же виде, в котором их вводит пользователь в интерактивном режиме
вывести в стандартный поток вывода все элементы коллекции в строковом представлении
clear : очистить коллекцию
update id {element} : обновить значение элемента коллекции, id которого равен заданному
remove_by_id id : удалить элемент из коллекции по его id
history : вывести последние 14 команд (без их аргументов)
remove_greater {element} : удалить из коллекции все элементы, превышающие заданный
remove_lower {element} : удалить из коллекции все элементы, меньшие, чем заданный
exit : завершить работу клиентского приложения
min_by_id : вывести любой объект из коллекции, значение поля id которого является минимальным
filter_starts_with_name name : вывести элементы, значение поля name которых начинается с заданной подстроки
info : вывести в стандартный поток вывода информацию о коллекции (тип, дата инициализации, количество элементов и т.д.)
', stopSignal=false, needElement=false, setManualMode=false, setScriptMode=false, scriptFile=null}
2022-05-11 00:24:02,477 WARN l.Server [main]: проблемы с загрузкой файла: переменная окружения не задана
2022-05-11 00:24:02,479 INFO l.Server [main]: _________Сервер___начал___работу_________
2022-05-11 00:24:05,502 DEBUG l.Server [main]: CommandParameter{name='asd', arguments=[], element=null}
2022-05-11 00:24:05,502 DEBUG l.t.s.ServerOutputManager [main]: ServerRequest{message='[31mОшибка! Неверная команда asd: 
По команде help можно получить список доступных команд.[0m
', stopSignal=false, needElement=false, setManualMode=false, setScriptMode=false, scriptFile=null}
2022-05-11 00:24:05,504 DEBUG l.Server [main]: Ошибка! Неверная команда asd: 
По команде help можно получить список доступных команд.
2022-05-11 00:24:08,033 DEBUG l.Server [main]: CommandParameter{name='help', arguments=[], element=null}
2022-05-11 00:24:08,035 DEBUG l.t.s.ServerOutputManager [main]: ServerRequest{message='add {element} : добавить новый элемент в коллекцию
count_less_than_genre genre : вывести количество элементов, значение поля genre которых меньше заданного
execute_script file_name : считать и исполнить скрипт из указанного файла. В скрипте содержатся команды в таком же виде, в котором их вводит пользователь в интерактивном режиме
вывести в стандартный поток вывода все элементы коллекции в строковом представлении
clear : очистить коллекцию
update id {element} : обновить значение элемента коллекции, id которого равен заданному
remove_by_id id : удалить элемент из коллекции по его id
history : вывести последние 14 команд (без их аргументов)
remove_greater {element} : удалить из коллекции все элементы, превышающие заданный
remove_lower {element} : удалить из коллекции все элементы, меньшие, чем заданный
exit : завершить работу клиентского приложения
min_by_id : вывести любой объект из коллекции, значение поля id которого является минимальным
filter_starts_with_name name : вывести элементы, значение поля name которых начинается с заданной подстроки
info : вывести в стандартный поток вывода информацию о коллекции (тип, дата инициализации, количество элементов и т.д.)
', stopSignal=false, needElement=false, setManualMode=false, setScriptMode=false, scriptFile=null}
2022-05-11 00:40:41,565 WARN l.Server [main]: Ошибка! проблемы с соединением: не удалось связать канал с адресом
2022-05-11 00:43:51,839 WARN l.Server [main]: проблемы с загрузкой файла: переменная окружения не задана
2022-05-11 00:43:51,842 INFO l.Server [main]: _________Сервер___начал___работу_________
2022-05-11 00:44:39,984 WARN l.Server [main]: проблемы с загрузкой файла: переменная окружения не задана
2022-05-11 00:44:39,987 INFO l.Server [main]: _________Сервер___начал___работу_________
2022-05-11 00:47:21,102 WARN l.Server [main]: проблемы с загрузкой файла: переменная окружения не задана
2022-05-11 00:47:21,104 INFO l.Server [main]: _________Сервер___начал___работу_________
2022-05-11 00:47:55,953 WARN l.Server [main]: проблемы с загрузкой файла: переменная окружения не задана
2022-05-11 00:47:55,955 INFO l.Server [main]: _________Сервер___начал___работу_________
2022-05-11 00:48:01,155 DEBUG l.Server [main]: CommandParameter{name='help', arguments=[], element=null}
2022-05-11 00:48:01,156 DEBUG l.t.s.ServerOutputManager [main]: ServerRequest{message='add {element} : добавить новый элемент в коллекцию
count_less_than_genre genre : вывести количество элементов, значение поля genre которых меньше заданного
execute_script file_name : считать и исполнить скрипт из указанного файла. В скрипте содержатся команды в таком же виде, в котором их вводит пользователь в интерактивном режиме
вывести в стандартный поток вывода все элементы коллекции в строковом представлении
clear : очистить коллекцию
update id {element} : обновить значение элемента коллекции, id которого равен заданному
remove_by_id id : удалить элемент из коллекции по его id
history : вывести последние 14 команд (без их аргументов)
remove_greater {element} : удалить из коллекции все элементы, превышающие заданный
remove_lower {element} : удалить из коллекции все элементы, меньшие, чем заданный
exit : завершить работу клиентского приложения
min_by_id : вывести любой объект из коллекции, значение поля id которого является минимальным
filter_starts_with_name name : вывести элементы, значение поля name которых начинается с заданной подстроки
info : вывести в стандартный поток вывода информацию о коллекции (тип, дата инициализации, количество элементов и т.д.)
', stopSignal=false, needElement=false, setManualMode=false, setScriptMode=false, scriptFile=null}
2022-05-11 00:48:29,113 WARN l.Server [main]: проблемы с загрузкой файла: переменная окружения не задана
2022-05-11 00:48:29,115 INFO l.Server [main]: _________Сервер___начал___работу_________
2022-05-11 00:48:32,005 DEBUG l.Server [main]: CommandParameter{name='help', arguments=[], element=null}
2022-05-11 00:48:32,006 DEBUG l.t.s.ServerOutputManager [main]: ServerRequest{message='add {element} : добавить новый элемент в коллекцию
count_less_than_genre genre : вывести количество элементов, значение поля genre которых меньше заданного
execute_script file_name : считать и исполнить скрипт из указанного файла. В скрипте содержатся команды в таком же виде, в котором их вводит пользователь в интерактивном режиме
вывести в стандартный поток вывода все элементы коллекции в строковом представлении
clear : очистить коллекцию
update id {element} : обновить значение элемента коллекции, id которого равен заданному
remove_by_id id : удалить элемент из коллекции по его id
history : вывести последние 14 команд (без их аргументов)
remove_greater {element} : удалить из коллекции все элементы, превышающие заданный
remove_lower {element} : удалить из коллекции все элементы, меньшие, чем заданный
exit : завершить работу клиентского приложения
min_by_id : вывести любой объект из коллекции, значение поля id которого является минимальным
filter_starts_with_name name : вывести элементы, значение поля name которых начинается с заданной подстроки
info : вывести в стандартный поток вывода информацию о коллекции (тип, дата инициализации, количество элементов и т.д.)
', stopSignal=false, needElement=false, setManualMode=false, setScriptMode=false, scriptFile=null}
2022-05-11 00:51:48,742 WARN l.Server [main]: проблемы с загрузкой файла: переменная окружения не задана
2022-05-11 00:51:48,744 INFO l.Server [main]: _________Сервер___начал___работу_________
2022-05-11 00:52:34,963 WARN l.Server [main]: проблемы с загрузкой файла: переменная окружения не задана
2022-05-11 00:52:34,965 INFO l.Server [main]: _________Сервер___начал___работу_________
2022-05-11 00:56:32,472 WARN l.Server [main]: Ошибка! проблемы с соединением: не удалось связать канал с адресом
2022-05-11 01:00:05,432 WARN l.Server [main]: проблемы с загрузкой файла: переменная окружения не задана
2022-05-11 01:00:05,434 INFO l.Server [main]: _________Сервер___начал___работу_________
2022-05-11 01:00:31,060 WARN l.Server [main]: проблемы с загрузкой файла: переменная окружения не задана
2022-05-11 01:00:31,061 INFO l.Server [main]: _________Сервер___начал___работу_________
2022-05-11 13:14:34,907 WARN l.Server [main]: проблемы с загрузкой файла: переменная окружения не задана
2022-05-11 13:14:34,911 INFO l.Server [main]: _________Сервер___начал___работу_________
2022-05-11 13:14:38,883 DEBUG l.Server [main]: CommandParameter{name='help', arguments=[], element=null}
2022-05-11 13:14:38,886 DEBUG l.t.s.ServerOutputManager [main]: ServerRequest{message='add {element} : добавить новый элемент в коллекцию
count_less_than_genre genre : вывести количество элементов, значение поля genre которых меньше заданного
execute_script file_name : считать и исполнить скрипт из указанного файла. В скрипте содержатся команды в таком же виде, в котором их вводит пользователь в интерактивном режиме
вывести в стандартный поток вывода все элементы коллекции в строковом представлении
clear : очистить коллекцию
update id {element} : обновить значение элемента коллекции, id которого равен заданному
remove_by_id id : удалить элемент из коллекции по его id
history : вывести последние 14 команд (без их аргументов)
remove_greater {element} : удалить из коллекции все элементы, превышающие заданный
remove_lower {element} : удалить из коллекции все элементы, меньшие, чем заданный
exit : завершить работу клиентского приложения
min_by_id : вывести любой объект из коллекции, значение поля id которого является минимальным
filter_starts_with_name name : вывести элементы, значение поля name которых начинается с заданной подстроки
info : вывести в стандартный поток вывода информацию о коллекции (тип, дата инициализации, количество элементов и т.д.)
', stopSignal=false, needElement=false, setManualMode=false, setScriptMode=false, scriptFile=null}
2022-05-11 13:14:40,451 DEBUG l.Server [main]: CommandParameter{name='asd', arguments=[], element=null}
2022-05-11 13:14:40,451 DEBUG l.t.s.ServerOutputManager [main]: ServerRequest{message='[31mОшибка! Неверная команда asd: 
По команде help можно получить список доступных команд.[0m
', stopSignal=false, needElement=false, setManualMode=false, setScriptMode=false, scriptFile=null}
2022-05-11 13:14:40,453 DEBUG l.Server [main]: Ошибка! Неверная команда asd: 
По команде help можно получить список доступных команд.
2022-05-11 13:14:41,874 DEBUG l.Server [main]: CommandParameter{name='dd', arguments=[], element=null}
2022-05-11 13:14:41,875 DEBUG l.t.s.ServerOutputManager [main]: ServerRequest{message='[31mОшибка! Неверная команда dd: 
По команде help можно получить список доступных команд.[0m
', stopSignal=false, needElement=false, setManualMode=false, setScriptMode=false, scriptFile=null}
2022-05-11 13:14:41,875 DEBUG l.Server [main]: Ошибка! Неверная команда dd: 
По команде help можно получить список доступных команд.
2022-05-11 13:14:44,875 DEBUG l.Server [main]: CommandParameter{name='info', arguments=[], element=null}
2022-05-11 13:14:44,876 DEBUG l.t.s.ServerOutputManager [main]: ServerRequest{message='тип: class java.util.HashSet
дата инициализации: Wed May 11 13:14:34 MSK 2022
количество элементов: 0
', stopSignal=false, needElement=false, setManualMode=false, setScriptMode=false, scriptFile=null}
2022-05-11 13:14:51,940 DEBUG l.Server [main]: CommandParameter{name='ff', arguments=[], element=null}
2022-05-11 13:14:51,940 DEBUG l.t.s.ServerOutputManager [main]: ServerRequest{message='[31mОшибка! Неверная команда ff: 
По команде help можно получить список доступных команд.[0m
', stopSignal=false, needElement=false, setManualMode=false, setScriptMode=false, scriptFile=null}
2022-05-11 13:14:51,941 DEBUG l.Server [main]: Ошибка! Неверная команда ff: 
По команде help можно получить список доступных команд.
2022-05-11 13:14:57,914 DEBUG l.Server [main]: CommandParameter{name='show', arguments=[], element=null}
2022-05-11 13:14:57,915 DEBUG l.t.s.ServerOutputManager [main]: ServerRequest{message='', stopSignal=false, needElement=false, setManualMode=false, setScriptMode=false, scriptFile=null}
2022-05-11 13:15:01,234 DEBUG l.Server [main]: CommandParameter{name='exit', arguments=[], element=null}
2022-05-11 13:15:01,235 INFO l.Server [main]: __________Клиент___завершил___работу__________
2022-05-11 13:15:01,235 DEBUG l.t.s.ServerOutputManager [main]: ServerRequest{message='', stopSignal=true, needElement=false, setManualMode=false, setScriptMode=false, scriptFile=null}
2022-05-11 13:15:01,236 WARN l.Server [main]: Ошибка! файл на сохранение: не может быть null
2022-05-11 13:18:40,060 WARN l.Server [main]: проблемы с загрузкой файла: переменная окружения не задана
2022-05-11 13:18:40,063 INFO l.Server [main]: _________Сервер___начал___работу_________
2022-05-11 13:20:31,821 WARN l.Server [main]: Ошибка! проблемы с соединением: не удалось связать канал с адресом
2022-05-11 13:20:47,031 WARN l.Server [main]: Ошибка! проблемы с соединением: не удалось связать канал с адресом
